[0.015s] Invoking command in '/home/alexander/vision-rover_dev_ws/build/my_package': CMAKE_PREFIX_PATH=${CMAKE_PREFIX_PATH}:/opt/ros/jazzy DEBUGINFOD_URLS=https://debuginfod.ubuntu.com /usr/bin/cmake --build /home/alexander/vision-rover_dev_ws/build/my_package -- -j12 -l12
[0.077s] Invoked command in '/home/alexander/vision-rover_dev_ws/build/my_package' returned '0': CMAKE_PREFIX_PATH=${CMAKE_PREFIX_PATH}:/opt/ros/jazzy DEBUGINFOD_URLS=https://debuginfod.ubuntu.com /usr/bin/cmake --build /home/alexander/vision-rover_dev_ws/build/my_package -- -j12 -l12
[0.122s] Invoking command in '/home/alexander/vision-rover_dev_ws/build/my_package': CMAKE_PREFIX_PATH=${CMAKE_PREFIX_PATH}:/opt/ros/jazzy DEBUGINFOD_URLS=https://debuginfod.ubuntu.com /usr/bin/cmake --install /home/alexander/vision-rover_dev_ws/build/my_package
[0.132s] -- Install configuration: ""
[0.132s] -- Execute custom install script
[0.132s] -- Up-to-date symlink: /home/alexander/vision-rover_dev_ws/install/my_package/share/my_package/launch/listener.launch.py
[0.133s] -- Up-to-date symlink: /home/alexander/vision-rover_dev_ws/install/my_package/share/my_package/launch/talker.launch.py
[0.133s] -- Up-to-date symlink: /home/alexander/vision-rover_dev_ws/install/my_package/share/ament_index/resource_index/package_run_dependencies/my_package
[0.133s] -- Up-to-date symlink: /home/alexander/vision-rover_dev_ws/install/my_package/share/ament_index/resource_index/parent_prefix_path/my_package
[0.134s] -- Up-to-date symlink: /home/alexander/vision-rover_dev_ws/install/my_package/share/my_package/environment/ament_prefix_path.sh
[0.134s] -- Up-to-date symlink: /home/alexander/vision-rover_dev_ws/install/my_package/share/my_package/environment/ament_prefix_path.dsv
[0.134s] -- Up-to-date symlink: /home/alexander/vision-rover_dev_ws/install/my_package/share/my_package/environment/path.sh
[0.135s] -- Up-to-date symlink: /home/alexander/vision-rover_dev_ws/install/my_package/share/my_package/environment/path.dsv
[0.135s] -- Up-to-date symlink: /home/alexander/vision-rover_dev_ws/install/my_package/share/my_package/local_setup.bash
[0.135s] -- Up-to-date symlink: /home/alexander/vision-rover_dev_ws/install/my_package/share/my_package/local_setup.sh
[0.135s] -- Up-to-date symlink: /home/alexander/vision-rover_dev_ws/install/my_package/share/my_package/local_setup.zsh
[0.136s] -- Up-to-date symlink: /home/alexander/vision-rover_dev_ws/install/my_package/share/my_package/local_setup.dsv
[0.136s] -- Symlinking: /home/alexander/vision-rover_dev_ws/install/my_package/share/my_package/package.dsv
[0.149s] -- Up-to-date symlink: /home/alexander/vision-rover_dev_ws/install/my_package/share/ament_index/resource_index/packages/my_package
[0.150s] -- Up-to-date symlink: /home/alexander/vision-rover_dev_ws/install/my_package/share/my_package/cmake/my_packageConfig.cmake
[0.150s] -- Up-to-date symlink: /home/alexander/vision-rover_dev_ws/install/my_package/share/my_package/cmake/my_packageConfig-version.cmake
[0.150s] -- Up-to-date symlink: /home/alexander/vision-rover_dev_ws/install/my_package/share/my_package/package.xml
[0.154s] Invoked command in '/home/alexander/vision-rover_dev_ws/build/my_package' returned '0': CMAKE_PREFIX_PATH=${CMAKE_PREFIX_PATH}:/opt/ros/jazzy DEBUGINFOD_URLS=https://debuginfod.ubuntu.com /usr/bin/cmake --install /home/alexander/vision-rover_dev_ws/build/my_package
