[0.030s] Invoking command in '/home/alexander/vision-rover_dev_ws/build/my_package': CMAKE_PREFIX_PATH=${CMAKE_PREFIX_PATH}:/opt/ros/jazzy DEBUGINFOD_URLS=https://debuginfod.ubuntu.com /usr/bin/cmake --build /home/alexander/vision-rover_dev_ws/build/my_package -- -j12 -l12
[0.319s] -- Found ament_cmake: 2.5.2 (/opt/ros/jazzy/share/ament_cmake/cmake)
[0.687s] -- Override CMake install command with custom implementation using symlinks instead of copying resources
[0.764s] -- Found ament_lint_auto: 0.17.1 (/opt/ros/jazzy/share/ament_lint_auto/cmake)
[0.953s] -- Added test 'flake8' to check Python code syntax and style conventions
[0.953s] -- Configured 'flake8' exclude dirs and/or files: 
[0.962s] -- Added test 'lint_cmake' to check CMake code style
[0.963s] -- Added test 'pep257' to check Python code against some of the docstring style conventions in PEP 257
[0.968s] -- Added test 'xmllint' to check XML markup files
[0.972s] -- Configuring done (0.8s)
[1.042s] -- Generating done (0.0s)
[1.045s] -- Build files have been written to: /home/alexander/vision-rover_dev_ws/build/my_package
[1.098s] Invoked command in '/home/alexander/vision-rover_dev_ws/build/my_package' returned '0': CMAKE_PREFIX_PATH=${CMAKE_PREFIX_PATH}:/opt/ros/jazzy DEBUGINFOD_URLS=https://debuginfod.ubuntu.com /usr/bin/cmake --build /home/alexander/vision-rover_dev_ws/build/my_package -- -j12 -l12
[1.147s] Invoking command in '/home/alexander/vision-rover_dev_ws/build/my_package': CMAKE_PREFIX_PATH=${CMAKE_PREFIX_PATH}:/opt/ros/jazzy DEBUGINFOD_URLS=https://debuginfod.ubuntu.com /usr/bin/cmake --install /home/alexander/vision-rover_dev_ws/build/my_package
[1.166s] -- Install configuration: ""
[1.166s] -- Execute custom install script
[1.167s] -- Symlinking: /home/alexander/vision-rover_dev_ws/install/my_package/share/my_package/launch/listener.launch.py
[1.190s] -- Symlinking: /home/alexander/vision-rover_dev_ws/install/my_package/share/my_package/launch/talker.launch.py
[1.212s] -- Up-to-date symlink: /home/alexander/vision-rover_dev_ws/install/my_package/share/ament_index/resource_index/package_run_dependencies/my_package
[1.212s] -- Up-to-date symlink: /home/alexander/vision-rover_dev_ws/install/my_package/share/ament_index/resource_index/parent_prefix_path/my_package
[1.212s] -- Up-to-date symlink: /home/alexander/vision-rover_dev_ws/install/my_package/share/my_package/environment/ament_prefix_path.sh
[1.213s] -- Up-to-date symlink: /home/alexander/vision-rover_dev_ws/install/my_package/share/my_package/environment/ament_prefix_path.dsv
[1.213s] -- Up-to-date symlink: /home/alexander/vision-rover_dev_ws/install/my_package/share/my_package/environment/path.sh
[1.213s] -- Up-to-date symlink: /home/alexander/vision-rover_dev_ws/install/my_package/share/my_package/environment/path.dsv
[1.214s] -- Up-to-date symlink: /home/alexander/vision-rover_dev_ws/install/my_package/share/my_package/local_setup.bash
[1.214s] -- Up-to-date symlink: /home/alexander/vision-rover_dev_ws/install/my_package/share/my_package/local_setup.sh
[1.214s] -- Up-to-date symlink: /home/alexander/vision-rover_dev_ws/install/my_package/share/my_package/local_setup.zsh
[1.214s] -- Up-to-date symlink: /home/alexander/vision-rover_dev_ws/install/my_package/share/my_package/local_setup.dsv
[1.215s] -- Symlinking: /home/alexander/vision-rover_dev_ws/install/my_package/share/my_package/package.dsv
[1.232s] -- Up-to-date symlink: /home/alexander/vision-rover_dev_ws/install/my_package/share/ament_index/resource_index/packages/my_package
[1.232s] -- Up-to-date symlink: /home/alexander/vision-rover_dev_ws/install/my_package/share/my_package/cmake/my_packageConfig.cmake
[1.233s] -- Up-to-date symlink: /home/alexander/vision-rover_dev_ws/install/my_package/share/my_package/cmake/my_packageConfig-version.cmake
[1.233s] -- Up-to-date symlink: /home/alexander/vision-rover_dev_ws/install/my_package/share/my_package/package.xml
[1.236s] Invoked command in '/home/alexander/vision-rover_dev_ws/build/my_package' returned '0': CMAKE_PREFIX_PATH=${CMAKE_PREFIX_PATH}:/opt/ros/jazzy DEBUGINFOD_URLS=https://debuginfod.ubuntu.com /usr/bin/cmake --install /home/alexander/vision-rover_dev_ws/build/my_package
