[0.026s] Invoking command in '/home/alexander/vision-rover_dev_ws/build/my_package': CMAKE_PREFIX_PATH=${CMAKE_PREFIX_PATH}:/opt/ros/jazzy DEBUGINFOD_URLS=https://debuginfod.ubuntu.com /usr/bin/cmake /home/alexander/vision-rover_dev_ws/src/my_package -DAMENT_CMAKE_SYMLINK_INSTALL=1 -DCMAKE_INSTALL_PREFIX=/home/alexander/vision-rover_dev_ws/install/my_package
[1.174s] -- The C compiler identification is GNU 13.2.0
[1.919s] -- The CXX compiler identification is GNU 13.2.0
[2.029s] -- Detecting C compiler ABI info
[2.254s] -- Detecting C compiler ABI info - done
[2.284s] -- Check for working C compiler: /usr/bin/cc - skipped
[2.285s] -- Detecting C compile features
[2.286s] -- Detecting C compile features - done
[2.305s] -- Detecting CXX compiler ABI info
[2.463s] -- Detecting CXX compiler ABI info - done
[2.479s] -- Check for working CXX compiler: /usr/bin/c++ - skipped
[2.479s] -- Detecting CXX compile features
[2.480s] -- Detecting CXX compile features - done
[2.533s] -- Found ament_cmake: 2.5.2 (/opt/ros/jazzy/share/ament_cmake/cmake)
[2.778s] -- Found Python3: /usr/bin/python3 (found version "3.12.3") found components: Interpreter 
[2.881s] -- Override CMake install command with custom implementation using symlinks instead of copying resources
[3.004s] -- Found ament_lint_auto: 0.17.1 (/opt/ros/jazzy/share/ament_lint_auto/cmake)
[3.230s] -- Added test 'lint_cmake' to check CMake code style
[3.235s] -- Added test 'xmllint' to check XML markup files
[3.240s] -- Configuring done (3.0s)
[3.249s] -- Generating done (0.0s)
[3.251s] -- Build files have been written to: /home/alexander/vision-rover_dev_ws/build/my_package
[3.258s] Invoked command in '/home/alexander/vision-rover_dev_ws/build/my_package' returned '0': CMAKE_PREFIX_PATH=${CMAKE_PREFIX_PATH}:/opt/ros/jazzy DEBUGINFOD_URLS=https://debuginfod.ubuntu.com /usr/bin/cmake /home/alexander/vision-rover_dev_ws/src/my_package -DAMENT_CMAKE_SYMLINK_INSTALL=1 -DCMAKE_INSTALL_PREFIX=/home/alexander/vision-rover_dev_ws/install/my_package
[3.261s] Invoking command in '/home/alexander/vision-rover_dev_ws/build/my_package': CMAKE_PREFIX_PATH=${CMAKE_PREFIX_PATH}:/opt/ros/jazzy DEBUGINFOD_URLS=https://debuginfod.ubuntu.com /usr/bin/cmake --build /home/alexander/vision-rover_dev_ws/build/my_package -- -j12 -l12
[3.320s] Invoked command in '/home/alexander/vision-rover_dev_ws/build/my_package' returned '0': CMAKE_PREFIX_PATH=${CMAKE_PREFIX_PATH}:/opt/ros/jazzy DEBUGINFOD_URLS=https://debuginfod.ubuntu.com /usr/bin/cmake --build /home/alexander/vision-rover_dev_ws/build/my_package -- -j12 -l12
[3.380s] Invoking command in '/home/alexander/vision-rover_dev_ws/build/my_package': CMAKE_PREFIX_PATH=${CMAKE_PREFIX_PATH}:/opt/ros/jazzy DEBUGINFOD_URLS=https://debuginfod.ubuntu.com /usr/bin/cmake --install /home/alexander/vision-rover_dev_ws/build/my_package
[3.399s] -- Install configuration: ""
[3.400s] -- Execute custom install script
[3.400s] -- Symlinking: /home/alexander/vision-rover_dev_ws/install/my_package/share/ament_index/resource_index/package_run_dependencies/my_package
[3.421s] -- Symlinking: /home/alexander/vision-rover_dev_ws/install/my_package/share/ament_index/resource_index/parent_prefix_path/my_package
[3.440s] -- Symlinking: /home/alexander/vision-rover_dev_ws/install/my_package/share/my_package/environment/ament_prefix_path.sh
[3.451s] -- Symlinking: /home/alexander/vision-rover_dev_ws/install/my_package/share/my_package/environment/ament_prefix_path.dsv
[3.468s] -- Symlinking: /home/alexander/vision-rover_dev_ws/install/my_package/share/my_package/environment/path.sh
[3.479s] -- Symlinking: /home/alexander/vision-rover_dev_ws/install/my_package/share/my_package/environment/path.dsv
[3.490s] -- Symlinking: /home/alexander/vision-rover_dev_ws/install/my_package/share/my_package/local_setup.bash
[3.502s] -- Symlinking: /home/alexander/vision-rover_dev_ws/install/my_package/share/my_package/local_setup.sh
[3.513s] -- Symlinking: /home/alexander/vision-rover_dev_ws/install/my_package/share/my_package/local_setup.zsh
[3.526s] -- Symlinking: /home/alexander/vision-rover_dev_ws/install/my_package/share/my_package/local_setup.dsv
[3.549s] -- Symlinking: /home/alexander/vision-rover_dev_ws/install/my_package/share/my_package/package.dsv
[3.568s] -- Symlinking: /home/alexander/vision-rover_dev_ws/install/my_package/share/ament_index/resource_index/packages/my_package
[3.584s] -- Symlinking: /home/alexander/vision-rover_dev_ws/install/my_package/share/my_package/cmake/my_packageConfig.cmake
[3.605s] -- Symlinking: /home/alexander/vision-rover_dev_ws/install/my_package/share/my_package/cmake/my_packageConfig-version.cmake
[3.628s] -- Symlinking: /home/alexander/vision-rover_dev_ws/install/my_package/share/my_package/package.xml
[3.652s] Invoked command in '/home/alexander/vision-rover_dev_ws/build/my_package' returned '0': CMAKE_PREFIX_PATH=${CMAKE_PREFIX_PATH}:/opt/ros/jazzy DEBUGINFOD_URLS=https://debuginfod.ubuntu.com /usr/bin/cmake --install /home/alexander/vision-rover_dev_ws/build/my_package
